<?xml version="1.0" encoding="UTF-8"?>
<!-- Generated by org.testng.reporters.JUnitReportReporter -->
<testsuite skipped="0" hostname="Riyaz" name="com.qa.test.postApiTest" tests="1" failures="0" timestamp="22 Sep 2020 13:33:03 GMT" time="7.446" errors="0">
  <testcase name="postApiTest" time="7.446" classname="com.qa.test.postApiTest"/>
</testsuite> <!-- com.qa.test.postApiTest -->
