<?xml version="1.0" encoding="UTF-8"?>
<!-- Generated by org.testng.reporters.JUnitReportReporter -->
<testsuite skipped="0" hostname="Riyaz" name="com.qa.test.GetAPITest" tests="2" failures="0" timestamp="21 Sep 2020 12:43:49 GMT" time="32.141" errors="0">
  <testcase name="getAPITestWithoutHeaders" time="17.611" classname="com.qa.test.GetAPITest"/>
  <testcase name="getAPITestWithHeaders" time="14.530" classname="com.qa.test.GetAPITest"/>
</testsuite> <!-- com.qa.test.GetAPITest -->
